Job scheduled task 032 (PID 37980) Start: 11:35:23, End: 11:35:56, Duration: 0 min 33 sec - OK
Job scheduled task 796 (PID 57672) Start: 11:36:11, End: 11:36:18, Duration: 0 min 7 sec - OK
Job scheduled task 386 (PID 10515) Start: 11:38:33, End: 11:40:24, Duration: 1 min 51 sec - OK
Job scheduled task 188 (PID 23118) Start: 11:40:49, End: 11:41:28, Duration: 0 min 39 sec - OK
Job background job ulp (PID 60134) Start: 11:41:11, End: 11:41:55, Duration: 0 min 44 sec - OK
Job scheduled task 996 (PID 90962) Start: 11:40:51, End: 11:42:46, Duration: 1 min 55 sec - OK
Job background job dej (PID 90812) Start: 11:39:26, End: 11:43:32, Duration: 4 min 6 sec - OK
Job scheduled task 173 (PID 75164) Start: 11:45:47, End: 11:46:51, Duration: 1 min 4 sec - OK
Job background job djw (PID 36709) Start: 11:47:04, End: 11:47:54, Duration: 0 min 50 sec - OK
Job scheduled task 538 (PID 26831) Start: 11:46:04, End: 11:48:16, Duration: 2 min 12 sec - OK
Job scheduled task 946 (PID 47139) Start: 11:44:56, End: 11:48:22, Duration: 3 min 26 sec - OK
Job scheduled task 051 (PID 39547) Start: 11:37:53, End: 11:49:22, Duration: 11 min 29 sec - ERROR
Job scheduled task 515 (PID 45135) Start: 11:37:14, End: 11:49:37, Duration: 12 min 23 sec - ERROR
Job scheduled task 697 (PID 32904) Start: 11:49:12, End: 11:49:46, Duration: 0 min 34 sec - OK
Job scheduled task 074 (PID 71766) Start: 11:45:04, End: 11:50:51, Duration: 5 min 47 sec - WARNING
Job scheduled task 536 (PID 24799) Start: 11:51:21, End: 11:51:28, Duration: 0 min 7 sec - OK
Job background job wmy (PID 81258) Start: 11:36:58, End: 11:51:44, Duration: 14 min 46 sec - ERROR
Job scheduled task 626 (PID 32674) Start: 11:51:06, End: 11:52:32, Duration: 1 min 26 sec - OK
Job background job you (PID 38579) Start: 11:50:09, End: 11:53:42, Duration: 3 min 33 sec - OK
Job scheduled task 268 (PID 87228) Start: 11:44:25, End: 11:53:53, Duration: 9 min 28 sec - WARNING
Job scheduled task 811 (PID 50295) Start: 11:48:45, End: 11:55:20, Duration: 6 min 35 sec - WARNING
Job background job cmx (PID 55722) Start: 11:54:56, End: 11:55:43, Duration: 0 min 47 sec - OK
Job scheduled task 706 (PID 33528) Start: 11:52:47, End: 11:56:09, Duration: 3 min 22 sec - OK
Job scheduled task 294 (PID 27222) Start: 11:50:07, End: 11:56:15, Duration: 6 min 8 sec - WARNING
Job scheduled task 521 (PID 64591) Start: 11:57:05, End: 11:58:55, Duration: 1 min 50 sec - OK
Job scheduled task 080 (PID 67833) Start: 11:57:16, End: 12:00:51, Duration: 3 min 35 sec - OK
Job scheduled task 794 (PID 87570) Start: 11:53:57, End: 12:01:50, Duration: 7 min 53 sec - WARNING
Job background job sqm (PID 99672) Start: 11:57:08, End: 12:02:21, Duration: 5 min 13 sec - WARNING
Job scheduled task 678 (PID 96183) Start: 11:58:12, End: 12:02:26, Duration: 4 min 14 sec - OK
Job scheduled task 773 (PID 16168) Start: 12:02:39, End: 12:02:55, Duration: 0 min 16 sec - OK
Job scheduled task 920 (PID 34189) Start: 11:59:43, End: 12:03:02, Duration: 3 min 19 sec - OK
Job background job xfg (PID 86716) Start: 11:59:29, End: 12:05:03, Duration: 5 min 34 sec - WARNING
Job scheduled task 004 (PID 22003) Start: 11:55:29, End: 12:06:42, Duration: 11 min 13 sec - ERROR
Job scheduled task 064 (PID 85742) Start: 11:55:16, End: 12:07:33, Duration: 12 min 17 sec - ERROR
Job background job wiy (PID 81470) Start: 12:08:30, End: 12:09:33, Duration: 1 min 3 sec - OK
Job scheduled task 746 (PID 98746) Start: 12:04:18, End: 12:11:35, Duration: 7 min 17 sec - WARNING
Job scheduled task 460 (PID 39860) Start: 11:53:17, End: 12:13:09, Duration: 19 min 52 sec - ERROR
Job background job tqc (PID 52532) Start: 12:00:03, End: 12:13:56, Duration: 13 min 53 sec - ERROR
Job scheduled task 531 (PID 62922) Start: 12:14:20, End: 12:15:09, Duration: 0 min 49 sec - OK
Job scheduled task 936 (PID 62401) Start: 12:05:59, End: 12:16:23, Duration: 10 min 24 sec - ERROR
Job scheduled task 374 (PID 23703) Start: 12:04:57, End: 12:18:23, Duration: 13 min 26 sec - ERROR
Job scheduled task 182 (PID 70808) Start: 11:44:43, End: 12:18:26, Duration: 33 min 43 sec - ERROR
Job scheduled task 672 (PID 24482) Start: 12:10:38, End: 12:19:14, Duration: 8 min 36 sec - WARNING
